[2020-05-04T08:59:00.753+0500][0.009s] Heap region size: 1M
[2020-05-04T08:59:00.753+0500][0.009s] Heap address: 0x00000007e0000000, size: 512 MB, Compressed Oops mode: Zero based, Oop shift amount: 3
[2020-05-04T08:59:00.924+0500][0.181s] Using G1
[2020-05-04T08:59:00.925+0500][0.181s] Mark closed archive regions in map: [0x00000007fff00000, 0x00000007fff7aff8]
[2020-05-04T08:59:00.925+0500][0.181s] Mark open archive regions in map: [0x00000007ffe00000, 0x00000007ffe50ff8]
[2020-05-04T08:59:00.948+0500][0.205s] Periodic GC disabled
[2020-05-04T08:59:01.727+0500][0.983s] GC(0) Pause Young (Normal) (G1 Evacuation Pause)
[2020-05-04T08:59:01.727+0500][0.984s] GC(0) Using 8 workers of 8 for evacuation
[2020-05-04T08:59:01.730+0500][0.987s] GC(0)   Pre Evacuate Collection Set: 0.1ms
[2020-05-04T08:59:01.730+0500][0.987s] GC(0)   Merge Heap Roots: 0.1ms
[2020-05-04T08:59:01.730+0500][0.987s] GC(0)   Evacuate Collection Set: 1.8ms
[2020-05-04T08:59:01.730+0500][0.987s] GC(0)   Post Evacuate Collection Set: 0.5ms
[2020-05-04T08:59:01.730+0500][0.987s] GC(0)   Other: 0.8ms
[2020-05-04T08:59:01.730+0500][0.987s] GC(0) Eden regions: 29->0(54)
[2020-05-04T08:59:01.730+0500][0.987s] GC(0) Survivor regions: 0->4(4)
[2020-05-04T08:59:01.730+0500][0.987s] GC(0) Old regions: 0->0
[2020-05-04T08:59:01.730+0500][0.987s] GC(0) Archive regions: 2->2
[2020-05-04T08:59:01.730+0500][0.987s] GC(0) Humongous regions: 0->0
[2020-05-04T08:59:01.730+0500][0.987s] GC(0) Metaspace: 8001K(8576K)->8001K(8576K) NonClass: 7049K(7424K)->7049K(7424K) Class: 951K(1152K)->951K(1152K)
[2020-05-04T08:59:01.730+0500][0.987s] GC(0) Pause Young (Normal) (G1 Evacuation Pause) 29M->3M(512M) 3.422ms
[2020-05-04T08:59:01.730+0500][0.987s] GC(0) User=0.01s Sys=0.00s Real=0.01s
[2020-05-04T08:59:02.518+0500][1.775s] GC(1) Pause Young (Normal) (G1 Evacuation Pause)
[2020-05-04T08:59:02.518+0500][1.775s] GC(1) Using 8 workers of 8 for evacuation
[2020-05-04T08:59:02.526+0500][1.782s] GC(1)   Pre Evacuate Collection Set: 0.1ms
[2020-05-04T08:59:02.526+0500][1.782s] GC(1)   Merge Heap Roots: 0.0ms
[2020-05-04T08:59:02.526+0500][1.782s] GC(1)   Evacuate Collection Set: 7.1ms
[2020-05-04T08:59:02.526+0500][1.782s] GC(1)   Post Evacuate Collection Set: 0.4ms
[2020-05-04T08:59:02.526+0500][1.782s] GC(1)   Other: 0.1ms
[2020-05-04T08:59:02.526+0500][1.782s] GC(1) Eden regions: 54->0(120)
[2020-05-04T08:59:02.526+0500][1.782s] GC(1) Survivor regions: 4->8(8)
[2020-05-04T08:59:02.526+0500][1.782s] GC(1) Old regions: 0->10
[2020-05-04T08:59:02.526+0500][1.782s] GC(1) Archive regions: 2->2
[2020-05-04T08:59:02.526+0500][1.782s] GC(1) Humongous regions: 4->4
[2020-05-04T08:59:02.526+0500][1.782s] GC(1) Metaspace: 15622K(16384K)->15622K(16384K) NonClass: 13771K(14336K)->13771K(14336K) Class: 1851K(2048K)->1851K(2048K)
[2020-05-04T08:59:02.526+0500][1.782s] GC(1) Pause Young (Normal) (G1 Evacuation Pause) 61M->22M(512M) 7.800ms
[2020-05-04T08:59:02.526+0500][1.782s] GC(1) User=0.05s Sys=0.01s Real=0.01s
[2020-05-04T08:59:02.956+0500][2.212s] GC(2) Pause Young (Concurrent Start) (Metadata GC Threshold)
[2020-05-04T08:59:02.956+0500][2.212s] GC(2) Using 8 workers of 8 for evacuation
[2020-05-04T08:59:02.959+0500][2.215s] GC(2)   Pre Evacuate Collection Set: 0.1ms
[2020-05-04T08:59:02.959+0500][2.215s] GC(2)   Merge Heap Roots: 0.1ms
[2020-05-04T08:59:02.959+0500][2.216s] GC(2)   Evacuate Collection Set: 2.8ms
[2020-05-04T08:59:02.959+0500][2.216s] GC(2)   Post Evacuate Collection Set: 0.3ms
[2020-05-04T08:59:02.959+0500][2.216s] GC(2)   Other: 0.2ms
[2020-05-04T08:59:02.959+0500][2.216s] GC(2) Eden regions: 48->0(236)
[2020-05-04T08:59:02.959+0500][2.216s] GC(2) Survivor regions: 8->9(16)
[2020-05-04T08:59:02.959+0500][2.216s] GC(2) Old regions: 10->10
[2020-05-04T08:59:02.959+0500][2.216s] GC(2) Archive regions: 2->2
[2020-05-04T08:59:02.959+0500][2.216s] GC(2) Humongous regions: 4->4
[2020-05-04T08:59:02.959+0500][2.216s] GC(2) Metaspace: 20452K(21248K)->20452K(21248K) NonClass: 18103K(18688K)->18103K(18688K) Class: 2348K(2560K)->2348K(2560K)
[2020-05-04T08:59:02.959+0500][2.216s] GC(2) Pause Young (Concurrent Start) (Metadata GC Threshold) 70M->23M(512M) 3.548ms
[2020-05-04T08:59:02.959+0500][2.216s] GC(2) User=0.02s Sys=0.01s Real=0.00s
[2020-05-04T08:59:02.959+0500][2.216s] GC(3) Concurrent Cycle
[2020-05-04T08:59:02.959+0500][2.216s] GC(3) Concurrent Clear Claimed Marks
[2020-05-04T08:59:02.959+0500][2.216s] GC(3) Concurrent Clear Claimed Marks 0.025ms
[2020-05-04T08:59:02.959+0500][2.216s] GC(3) Concurrent Scan Root Regions
[2020-05-04T08:59:02.961+0500][2.217s] GC(3) Concurrent Scan Root Regions 1.679ms
[2020-05-04T08:59:02.961+0500][2.217s] GC(3) Concurrent Mark (2.217s)
[2020-05-04T08:59:02.961+0500][2.217s] GC(3) Concurrent Mark From Roots
[2020-05-04T08:59:02.961+0500][2.217s] GC(3) Using 2 workers of 2 for marking
[2020-05-04T08:59:02.971+0500][2.227s] GC(3) Concurrent Mark From Roots 9.593ms
[2020-05-04T08:59:02.971+0500][2.227s] GC(3) Concurrent Preclean
[2020-05-04T08:59:02.971+0500][2.227s] GC(3) Concurrent Preclean 0.062ms
[2020-05-04T08:59:02.971+0500][2.227s] GC(3) Concurrent Mark (2.217s, 2.227s) 9.734ms
[2020-05-04T08:59:02.971+0500][2.227s] GC(3) Pause Remark
[2020-05-04T08:59:02.972+0500][2.229s] GC(3) Pause Remark 25M->25M(512M) 1.242ms
[2020-05-04T08:59:02.972+0500][2.229s] GC(3) User=0.01s Sys=0.00s Real=0.00s
[2020-05-04T08:59:02.972+0500][2.229s] GC(3) Concurrent Rebuild Remembered Sets
[2020-05-04T08:59:02.978+0500][2.235s] GC(3) Concurrent Rebuild Remembered Sets 5.916ms
[2020-05-04T08:59:02.978+0500][2.235s] GC(3) Pause Cleanup
[2020-05-04T08:59:02.978+0500][2.235s] GC(3) Pause Cleanup 25M->25M(512M) 0.095ms
[2020-05-04T08:59:02.978+0500][2.235s] GC(3) User=0.00s Sys=0.00s Real=0.00s
[2020-05-04T08:59:02.978+0500][2.235s] GC(3) Concurrent Cleanup for Next Mark
[2020-05-04T08:59:02.979+0500][2.236s] GC(3) Concurrent Cleanup for Next Mark 0.647ms
[2020-05-04T08:59:02.979+0500][2.236s] GC(3) Concurrent Cycle 19.915ms
[2020-05-04T08:59:04.298+0500][3.555s] GC(4) Pause Young (Concurrent Start) (Metadata GC Threshold)
[2020-05-04T08:59:04.298+0500][3.555s] GC(4) Using 8 workers of 8 for evacuation
[2020-05-04T08:59:04.304+0500][3.561s] GC(4)   Pre Evacuate Collection Set: 0.1ms
[2020-05-04T08:59:04.304+0500][3.561s] GC(4)   Merge Heap Roots: 0.1ms
[2020-05-04T08:59:04.304+0500][3.561s] GC(4)   Evacuate Collection Set: 5.0ms
[2020-05-04T08:59:04.304+0500][3.561s] GC(4)   Post Evacuate Collection Set: 0.7ms
[2020-05-04T08:59:04.304+0500][3.561s] GC(4)   Other: 0.3ms
[2020-05-04T08:59:04.304+0500][3.561s] GC(4) Eden regions: 227->0(292)
[2020-05-04T08:59:04.304+0500][3.561s] GC(4) Survivor regions: 9->15(35)
[2020-05-04T08:59:04.304+0500][3.561s] GC(4) Old regions: 10->10
[2020-05-04T08:59:04.304+0500][3.561s] GC(4) Archive regions: 2->2
[2020-05-04T08:59:04.304+0500][3.561s] GC(4) Humongous regions: 5->4
[2020-05-04T08:59:04.304+0500][3.561s] GC(4) Metaspace: 35037K(35964K)->35037K(35964K) NonClass: 30910K(31488K)->30910K(31488K) Class: 4127K(4476K)->4127K(4476K)
[2020-05-04T08:59:04.305+0500][3.561s] GC(4) Pause Young (Concurrent Start) (Metadata GC Threshold) 250M->29M(512M) 6.348ms
[2020-05-04T08:59:04.305+0500][3.561s] GC(4) User=0.04s Sys=0.01s Real=0.01s
[2020-05-04T08:59:04.305+0500][3.561s] GC(5) Concurrent Cycle
[2020-05-04T08:59:04.305+0500][3.561s] GC(5) Concurrent Clear Claimed Marks
[2020-05-04T08:59:04.305+0500][3.561s] GC(5) Concurrent Clear Claimed Marks 0.043ms
[2020-05-04T08:59:04.305+0500][3.561s] GC(5) Concurrent Scan Root Regions
[2020-05-04T08:59:04.308+0500][3.565s] GC(5) Concurrent Scan Root Regions 3.686ms
[2020-05-04T08:59:04.308+0500][3.565s] GC(5) Concurrent Mark (3.565s)
[2020-05-04T08:59:04.308+0500][3.565s] GC(5) Concurrent Mark From Roots
[2020-05-04T08:59:04.308+0500][3.565s] GC(5) Using 2 workers of 2 for marking
[2020-05-04T08:59:04.319+0500][3.575s] GC(5) Concurrent Mark From Roots 10.486ms
[2020-05-04T08:59:04.319+0500][3.575s] GC(5) Concurrent Preclean
[2020-05-04T08:59:04.319+0500][3.575s] GC(5) Concurrent Preclean 0.040ms
[2020-05-04T08:59:04.319+0500][3.575s] GC(5) Concurrent Mark (3.565s, 3.575s) 10.573ms
[2020-05-04T08:59:04.319+0500][3.576s] GC(5) Pause Remark
[2020-05-04T08:59:04.321+0500][3.577s] GC(5) Pause Remark 32M->32M(512M) 1.729ms
[2020-05-04T08:59:04.321+0500][3.577s] GC(5) User=0.01s Sys=0.00s Real=0.01s
[2020-05-04T08:59:04.321+0500][3.577s] GC(5) Concurrent Rebuild Remembered Sets
[2020-05-04T08:59:04.327+0500][3.583s] GC(5) Concurrent Rebuild Remembered Sets 5.902ms
[2020-05-04T08:59:04.327+0500][3.584s] GC(5) Pause Cleanup
[2020-05-04T08:59:04.327+0500][3.584s] GC(5) Pause Cleanup 32M->32M(512M) 0.091ms
[2020-05-04T08:59:04.327+0500][3.584s] GC(5) User=0.00s Sys=0.00s Real=0.00s
[2020-05-04T08:59:04.327+0500][3.584s] GC(5) Concurrent Cleanup for Next Mark
[2020-05-04T08:59:04.328+0500][3.585s] GC(5) Concurrent Cleanup for Next Mark 0.727ms
[2020-05-04T08:59:04.328+0500][3.585s] GC(5) Concurrent Cycle 23.557ms
[2020-05-04T09:24:46.653+0500][1545.919s] GC(6) Pause Young (Normal) (G1 Evacuation Pause)
[2020-05-04T09:24:46.654+0500][1545.920s] GC(6) Using 8 workers of 8 for evacuation
[2020-05-04T09:24:46.670+0500][1545.935s] GC(6)   Pre Evacuate Collection Set: 0.0ms
[2020-05-04T09:24:46.670+0500][1545.935s] GC(6)   Merge Heap Roots: 0.1ms
[2020-05-04T09:24:46.670+0500][1545.935s] GC(6)   Evacuate Collection Set: 13.7ms
[2020-05-04T09:24:46.670+0500][1545.935s] GC(6)   Post Evacuate Collection Set: 2.0ms
[2020-05-04T09:24:46.670+0500][1545.936s] GC(6)   Other: 0.5ms
[2020-05-04T09:24:46.670+0500][1545.936s] GC(6) Eden regions: 292->0(279)
[2020-05-04T09:24:46.670+0500][1545.936s] GC(6) Survivor regions: 15->28(39)
[2020-05-04T09:24:46.670+0500][1545.936s] GC(6) Old regions: 10->10
[2020-05-04T09:24:46.670+0500][1545.936s] GC(6) Archive regions: 2->2
[2020-05-04T09:24:46.670+0500][1545.936s] GC(6) Humongous regions: 7->7
[2020-05-04T09:24:46.670+0500][1545.936s] GC(6) Metaspace: 49300K(50556K)->49300K(50556K) NonClass: 43436K(44288K)->43436K(44288K) Class: 5863K(6268K)->5863K(6268K)
[2020-05-04T09:24:46.670+0500][1545.936s] GC(6) Pause Young (Normal) (G1 Evacuation Pause) 324M->45M(512M) 16.400ms
[2020-05-04T09:24:46.670+0500][1545.936s] GC(6) User=0.07s Sys=0.03s Real=0.02s
[2020-05-04T13:21:09.921+0500][11908.853s] Heap
[2020-05-04T13:21:09.922+0500][11908.854s]  garbage-first heap   total 524288K, used 262435K [0x00000007e0000000, 0x0000000800000000)
[2020-05-04T13:21:09.922+0500][11908.854s]   region size 1024K, 241 young (246784K), 28 survivors (28672K)
[2020-05-04T13:21:09.922+0500][11908.854s]  Metaspace       used 50066K, capacity 51128K, committed 51452K, reserved 1093632K
[2020-05-04T13:21:09.922+0500][11908.854s]   class space    used 5905K, capacity 6282K, committed 6396K, reserved 1048576K
